"F:/GitHubProject/ExperementalGame/Experemental/Content/Blueprint/GameInfo/GameInstanceToJoin.uasset" 0
"F:/GitHubProject/ExperementalGame/Experemental/Content/Geometry/Meshes/CubeMaterial.uasset" 1
"F:/GitHubProject/ExperementalGame/Experemental/Content/Geometry/Meshes/TemplateFloor.uasset" 2
"F:/GitHubProject/ExperementalGame/Experemental/Content/Mannequin/Character/Mesh/UE4_Mannequin_Skeleton.uasset" 3
"F:/GitHubProject/ExperementalGame/Experemental/Content/Mannequin/Animations/ThirdPersonJump_End.uasset" 4
"../../../Engine/Content/EngineMeshes/Humanoid.uasset" 5
"F:/GitHubProject/ExperementalGame/Experemental/Content/MCO_Mocap_Basics/Character/Mesh/UE4_Mannequin_Skeleton.uasset" 6
"F:/GitHubProject/ExperementalGame/Experemental/Content/MCO_Mocap_Basics/Animation/Mobility_Pro/Root_Motion/MOB1_CrouchWalk_F.uasset" 7
"F:/GitHubProject/ExperementalGame/Experemental/Content/MCO_Mocap_Basics/Animation/Mobility_Pro/Root_Motion/MOB1_Crouch_Idle_V2.uasset" 8
"F:/GitHubProject/ExperementalGame/Experemental/Content/MCO_Mocap_Basics/Animation/Mobility_Pro/Root_Motion/MOB1_Jog_F.uasset" 9
"F:/GitHubProject/ExperementalGame/Experemental/Content/MCO_Mocap_Basics/Animation/Mobility_Pro/Root_Motion/MOB1_Jog_F_to_Stand_Relaxed_RU.uasset" 10
"F:/GitHubProject/ExperementalGame/Experemental/Content/MCO_Mocap_Basics/Animation/Mobility_Pro/Root_Motion/MOB1_Run_F.uasset" 11
"F:/GitHubProject/ExperementalGame/Experemental/Content/MCO_Mocap_Basics/Animation/Mobility_Pro/Root_Motion/MOB1_Run_F_to_Stand_Relaxed_RU.uasset" 12
"F:/GitHubProject/ExperementalGame/Experemental/Content/MCO_Mocap_Basics/Animation/Mobility_Pro/Root_Motion/MOB1_Stand_Relaxed_Death_B.uasset" 13
"F:/GitHubProject/ExperementalGame/Experemental/Content/MCO_Mocap_Basics/Animation/Mobility_Pro/Root_Motion/MOB1_Stand_Relaxed_Fgt_v1.uasset" 14
"F:/GitHubProject/ExperementalGame/Experemental/Content/MCO_Mocap_Basics/Animation/Mobility_Pro/Root_Motion/MOB1_Stand_Relaxed_Fgt_v4.uasset" 15
"F:/GitHubProject/ExperementalGame/Experemental/Content/MCO_Mocap_Basics/Animation/Mobility_Pro/Root_Motion/MOB1_Walk_F.uasset" 16
"F:/GitHubProject/ExperementalGame/Experemental/Content/MCO_Mocap_Basics/Animation/Mobility_Pro/Root_Motion/StopAnim.uasset" 17
"F:/GitHubProject/ExperementalGame/Experemental/Content/MCO_Mocap_Basics/Animation/Scared/Root_Motion/SCR_Walk_Scared_Fwd_Look_Left_Loop.uasset" 18
"F:/GitHubProject/ExperementalGame/Experemental/Content/MCO_Mocap_Basics/Animation/Scared/Root_Motion/SCR_Walk_Scared_Fwd_Look_Right_Loop.uasset" 19
"F:/GitHubProject/ExperementalGame/Experemental/Content/MCO_Mocap_Basics/Animation/Walks/Root_Motion/Walk_02_Cheerful_Loop.uasset" 20
"F:/GitHubProject/ExperementalGame/Experemental/Content/MCO_Mocap_Basics/Animation/Walks/Root_Motion/Walk_04_Texting_Loop.uasset" 21
"F:/GitHubProject/ExperementalGame/Experemental/Content/MCO_Mocap_Basics/Animation/Walks/Root_Motion/Walk_06_Look_Around_Loop.uasset" 22
"F:/GitHubProject/ExperementalGame/Experemental/Content/MCO_Mocap_Basics/Animation/Walks/Root_Motion/Walk_08_Listen_Music_Loop.uasset" 23
"F:/GitHubProject/ExperementalGame/Experemental/Content/MCO_Mocap_Basics/Animation/Walks/Root_Motion/Walk_13_Power_Walk_Loop.uasset" 24
"F:/GitHubProject/ExperementalGame/Experemental/Content/MCO_Mocap_Basics/Character/Mesh/SK_Mannequin_Anim.uasset" 25
"F:/GitHubProject/ExperementalGame/Experemental/Content/StarterContent/Materials/M_Basic_Wall.uasset" 26
"F:/GitHubProject/ExperementalGame/Experemental/Content/StarterContent/Architecture/Pillar_50x500.uasset" 27
"F:/GitHubProject/ExperementalGame/Experemental/Content/StarterContent/Architecture/Wall_400x300.uasset" 28
"F:/GitHubProject/ExperementalGame/Experemental/Content/StarterContent/Architecture/Wall_400x400.uasset" 29
"F:/GitHubProject/ExperementalGame/Experemental/Content/StarterContent/Architecture/Wall_500x500.uasset" 30
"F:/GitHubProject/ExperementalGame/Experemental/Content/StarterContent/Architecture/Wall_Door_400x400.uasset" 31
"F:/GitHubProject/ExperementalGame/Experemental/Content/StarterContent/Architecture/Wall_Window_400x400.uasset" 32
"F:/GitHubProject/ExperementalGame/Experemental/Content/StarterContent/Audio/Collapse01.uasset" 33
"F:/GitHubProject/ExperementalGame/Experemental/Content/StarterContent/Audio/Collapse02.uasset" 34
"F:/GitHubProject/ExperementalGame/Experemental/Content/StarterContent/Audio/Explosion01.uasset" 35
"F:/GitHubProject/ExperementalGame/Experemental/Content/StarterContent/Audio/Explosion02.uasset" 36
"F:/GitHubProject/ExperementalGame/Experemental/Content/StarterContent/Audio/Fire01.uasset" 37
"F:/GitHubProject/ExperementalGame/Experemental/Content/StarterContent/Audio/Fire_Sparks01.uasset" 38
"F:/GitHubProject/ExperementalGame/Experemental/Content/StarterContent/Audio/Light01.uasset" 39
"F:/GitHubProject/ExperementalGame/Experemental/Content/StarterContent/Audio/Light01_Cue.uasset" 40
"F:/GitHubProject/ExperementalGame/Experemental/Content/StarterContent/Audio/Light02.uasset" 41
"F:/GitHubProject/ExperementalGame/Experemental/Content/StarterContent/Audio/Light02_Cue.uasset" 42
"F:/GitHubProject/ExperementalGame/Experemental/Content/StarterContent/Audio/Smoke01.uasset" 43
"F:/GitHubProject/ExperementalGame/Experemental/Content/StarterContent/Audio/Starter_Birds01.uasset" 44
"F:/GitHubProject/ExperementalGame/Experemental/Content/StarterContent/Audio/Starter_Music01.uasset" 45
"F:/GitHubProject/ExperementalGame/Experemental/Content/StarterContent/Audio/Starter_Wind05.uasset" 46
"F:/GitHubProject/ExperementalGame/Experemental/Content/StarterContent/Audio/Starter_Wind06.uasset" 47
"F:/GitHubProject/ExperementalGame/Experemental/Content/StarterContent/Audio/Steam01.uasset" 48
"F:/GitHubProject/ExperementalGame/Experemental/Content/StarterContent/Audio/Explosion_Cue.uasset" 49
"F:/GitHubProject/ExperementalGame/Experemental/Content/StarterContent/Textures/T_Burst_M.uasset" 50
"F:/GitHubProject/ExperementalGame/Experemental/Content/StarterContent/Particles/Materials/M_Burst.uasset" 51
"F:/GitHubProject/ExperementalGame/Experemental/Content/StarterContent/Textures/T_Explosion_SubUV.uasset" 52
"F:/GitHubProject/ExperementalGame/Experemental/Content/StarterContent/Particles/Materials/M_explosion_subUV.uasset" 53
"F:/GitHubProject/ExperementalGame/Experemental/Content/StarterContent/Particles/Materials/m_flare_01.uasset" 54
"../../../Engine/Content/Functions/Engine_MaterialFunctions01/Gradient/RadialGradient.uasset" 55
"F:/GitHubProject/ExperementalGame/Experemental/Content/StarterContent/Particles/Materials/M_radial_ramp.uasset" 56
"F:/GitHubProject/ExperementalGame/Experemental/Content/StarterContent/Textures/T_Smoke_SubUV.uasset" 57
"F:/GitHubProject/ExperementalGame/Experemental/Content/StarterContent/Textures/T_Smoke_Tiled_D.uasset" 58
"F:/GitHubProject/ExperementalGame/Experemental/Content/StarterContent/Particles/Materials/M_smoke_subUV.uasset" 59
"F:/GitHubProject/ExperementalGame/Experemental/Content/StarterContent/Particles/P_Explosion.uasset" 60
"F:/GitHubProject/ExperementalGame/Experemental/Content/StarterContent/Blueprints/Blueprint_Effect_Explosion.uasset" 61
"../../../Engine/Content/EditorMeshes/ColorCalibrator/T_ColorGrid.uasset" 62
"F:/GitHubProject/ExperementalGame/Experemental/Content/StarterContent/Materials/M_ColorGrid_LowSpec.uasset" 63
"F:/GitHubProject/ExperementalGame/Experemental/Content/StarterContent/Textures/T_Bush_D.uasset" 64
"F:/GitHubProject/ExperementalGame/Experemental/Content/StarterContent/Textures/T_Bush_N.uasset" 65
"F:/GitHubProject/ExperementalGame/Experemental/Content/StarterContent/Props/Materials/M_Bush.uasset" 66
"F:/GitHubProject/ExperementalGame/Experemental/Content/StarterContent/Props/SM_Bush.uasset" 67
"F:/GitHubProject/ExperementalGame/Experemental/Content/StarterContent/Textures/T_Chair_M.uasset" 68
"F:/GitHubProject/ExperementalGame/Experemental/Content/StarterContent/Textures/T_Chair_N.uasset" 69
"F:/GitHubProject/ExperementalGame/Experemental/Content/StarterContent/Props/Materials/M_Chair.uasset" 70
"F:/GitHubProject/ExperementalGame/Experemental/Content/StarterContent/Props/SM_Couch.uasset" 71
"F:/GitHubProject/ExperementalGame/Experemental/Content/StarterContent/Materials/M_Glass.uasset" 72
"F:/GitHubProject/ExperementalGame/Experemental/Content/StarterContent/Textures/T_Door_M.uasset" 73
"F:/GitHubProject/ExperementalGame/Experemental/Content/StarterContent/Textures/T_Door_N.uasset" 74
"F:/GitHubProject/ExperementalGame/Experemental/Content/StarterContent/Props/Materials/M_Door.uasset" 75
"F:/GitHubProject/ExperementalGame/Experemental/Content/StarterContent/Props/SM_Door.uasset" 76
"F:/GitHubProject/ExperementalGame/Experemental/Content/StarterContent/Props/Materials/M_MaterialSphere.uasset" 77
"F:/GitHubProject/ExperementalGame/Experemental/Content/StarterContent/Props/Materials/M_MaterialSphere_Plain.uasset" 78
"F:/GitHubProject/ExperementalGame/Experemental/Content/StarterContent/Props/SM_MatPreviewMesh_02.uasset" 79
"../../../Engine/Content/Functions/Engine_MaterialFunctions02/Utility/BlendAngleCorrectedNormals.uasset" 80
"F:/GitHubProject/ExperementalGame/Experemental/Content/StarterContent/Textures/T_Detail_Rocky_N.uasset" 81
"F:/GitHubProject/ExperementalGame/Experemental/Content/StarterContent/Textures/T_Rock_Basalt_D.uasset" 82
"F:/GitHubProject/ExperementalGame/Experemental/Content/StarterContent/Textures/T_RockMesh_M.uasset" 83
"F:/GitHubProject/ExperementalGame/Experemental/Content/StarterContent/Textures/T_RockMesh_N.uasset" 84
"F:/GitHubProject/ExperementalGame/Experemental/Content/StarterContent/Props/Materials/M_Rock.uasset" 85
"F:/GitHubProject/ExperementalGame/Experemental/Content/StarterContent/Props/SM_Rock.uasset" 86
"F:/GitHubProject/ExperementalGame/Experemental/Content/StarterContent/Textures/T_Shelf_M.uasset" 87
"F:/GitHubProject/ExperementalGame/Experemental/Content/StarterContent/Textures/T_Shelf_N.uasset" 88
"F:/GitHubProject/ExperementalGame/Experemental/Content/StarterContent/Props/Materials/M_Shelf.uasset" 89
"F:/GitHubProject/ExperementalGame/Experemental/Content/StarterContent/Props/SM_Shelf.uasset" 90
"F:/GitHubProject/ExperementalGame/Experemental/Content/StarterContent/Materials/M_Basic_Floor.uasset" 91
"F:/GitHubProject/ExperementalGame/Experemental/Content/StarterContent/Props/SM_Stairs.uasset" 92
"F:/GitHubProject/ExperementalGame/Experemental/Content/StarterContent/Shapes/Shape_Cone.uasset" 93
"F:/GitHubProject/ExperementalGame/Experemental/Content/StarterContent/Shapes/Shape_Cylinder.uasset" 94
"F:/GitHubProject/ExperementalGame/Experemental/Content/StarterContent/Shapes/Shape_NarrowCapsule.uasset" 95
"F:/GitHubProject/ExperementalGame/Experemental/Content/StarterContent/Shapes/Shape_Pipe.uasset" 96
"F:/GitHubProject/ExperementalGame/Experemental/Content/StarterContent/Shapes/Shape_Pipe_180.uasset" 97
"F:/GitHubProject/ExperementalGame/Experemental/Content/StarterContent/Shapes/Shape_Pipe_90.uasset" 98
"F:/GitHubProject/ExperementalGame/Experemental/Content/StarterContent/Shapes/Shape_Plane.uasset" 99
"F:/GitHubProject/ExperementalGame/Experemental/Content/StarterContent/Shapes/Shape_Torus.uasset" 100
"F:/GitHubProject/ExperementalGame/Experemental/Content/StarterContent/Shapes/Shape_Trim.uasset" 101
"F:/GitHubProject/ExperementalGame/Experemental/Content/StarterContent/Shapes/Shape_Trim_90_In.uasset" 102
"F:/GitHubProject/ExperementalGame/Experemental/Content/StarterContent/Shapes/Shape_Trim_90_Out.uasset" 103
"F:/GitHubProject/ExperementalGame/Experemental/Content/StarterContent/Shapes/Shape_TriPyramid.uasset" 104
"F:/GitHubProject/ExperementalGame/Experemental/Content/StarterContent/Shapes/Shape_Tube.uasset" 105
"F:/GitHubProject/ExperementalGame/Experemental/Content/StarterContent/Shapes/Shape_Wedge_A.uasset" 106
"F:/GitHubProject/ExperementalGame/Experemental/Content/StarterContent/Shapes/Shape_Wedge_B.uasset" 107
"F:/GitHubProject/ExperementalGame/Experemental/Content/StarterContent/Shapes/Shape_WideCapsule.uasset" 108
"F:/GitHubProject/ExperementalGame/Experemental/Content/Mannequin/Animations/ThirdPerson_Jump.uasset" 109
"F:/GitHubProject/ExperementalGame/Experemental/Content/Mannequin/Animations/ThirdPersonJump_Loop.uasset" 110
"F:/GitHubProject/ExperementalGame/Experemental/Content/Mannequin/Animations/ThirdPersonJump_Start.uasset" 111
"F:/GitHubProject/ExperementalGame/Experemental/Content/Mannequin/Animations/ThirdPersonIdle.uasset" 112
"F:/GitHubProject/ExperementalGame/Experemental/Content/Mannequin/Animations/ThirdPersonRun.uasset" 113
"F:/GitHubProject/ExperementalGame/Experemental/Content/Mannequin/Animations/ThirdPersonWalk.uasset" 114
"F:/GitHubProject/ExperementalGame/Experemental/Content/Mannequin/Animations/ThirdPerson_IdleRun_2D.uasset" 115
"../../../Engine/Content/EditorBlueprintResources/StandardMacros.uasset" 116
"F:/GitHubProject/ExperementalGame/Experemental/Content/Mannequin/Animations/ThirdPerson_AnimBP.uasset" 117
"../../../Engine/Content/Functions/Engine_MaterialFunctions01/Density/ExponentialDensity.uasset" 118
"../../../Engine/Content/Functions/Engine_MaterialFunctions01/Gradient/RadialGradientExponential.uasset" 119
"F:/GitHubProject/ExperementalGame/Experemental/Content/TopDownBP/Blueprints/M_Cursor_Decal.uasset" 120
"../../../Engine/Content/Functions/MaterialLayerFunctions/MatLayerBlend_NormalBlend.uasset" 121
"../../../Engine/Content/Functions/MaterialLayerFunctions/MatLayerBlend_Simple.uasset" 122
"F:/GitHubProject/ExperementalGame/Experemental/Content/Mannequin/Character/Materials/MaterialLayers/T_ML_Rubber_Blue_01_D.uasset" 123
"F:/GitHubProject/ExperementalGame/Experemental/Content/Mannequin/Character/Materials/MaterialLayers/T_ML_Rubber_Blue_01_N.uasset" 124
"F:/GitHubProject/ExperementalGame/Experemental/Content/Mannequin/Character/Materials/MaterialLayers/ML_GlossyBlack_Latex_UE4.uasset" 125
"F:/GitHubProject/ExperementalGame/Experemental/Content/Mannequin/Character/Materials/MaterialLayers/ML_Plastic_Shiny_Beige.uasset" 126
"F:/GitHubProject/ExperementalGame/Experemental/Content/Mannequin/Character/Textures/UE4_LOGO_CARD.uasset" 127
"F:/GitHubProject/ExperementalGame/Experemental/Content/Mannequin/Character/Materials/MaterialLayers/ML_Plastic_Shiny_Beige_LOGO.uasset" 128
"F:/GitHubProject/ExperementalGame/Experemental/Content/Mannequin/Character/Materials/MaterialLayers/T_ML_Aluminum01.uasset" 129
"F:/GitHubProject/ExperementalGame/Experemental/Content/Mannequin/Character/Materials/MaterialLayers/T_ML_Aluminum01_N.uasset" 130
"F:/GitHubProject/ExperementalGame/Experemental/Content/Mannequin/Character/Materials/MaterialLayers/ML_SoftMetal_UE4.uasset" 131
"F:/GitHubProject/ExperementalGame/Experemental/Content/Mannequin/Character/Textures/UE4_Mannequin__normals.uasset" 132
"F:/GitHubProject/ExperementalGame/Experemental/Content/Mannequin/Character/Textures/UE4_Mannequin_MAT_MASKA.uasset" 133
"F:/GitHubProject/ExperementalGame/Experemental/Content/Mannequin/Character/Materials/M_UE4Man_Body.uasset" 134
"F:/GitHubProject/ExperementalGame/Experemental/Content/Mannequin/Character/Textures/UE4Man_Logo_N.uasset" 135
"F:/GitHubProject/ExperementalGame/Experemental/Content/Mannequin/Character/Materials/M_UE4Man_ChestLogo.uasset" 136
"F:/GitHubProject/ExperementalGame/Experemental/Content/Mannequin/Character/Mesh/SK_Mannequin_PhysicsAsset.uasset" 137
"F:/GitHubProject/ExperementalGame/Experemental/Content/Mannequin/Character/Mesh/SK_Mannequin.uasset" 138
"F:/GitHubProject/ExperementalGame/Experemental/Content/TopDownBP/Blueprints/TopDownCharacter.uasset" 139
"F:/GitHubProject/ExperementalGame/Experemental/Content/TopDownBP/Blueprints/TopDownController.uasset" 140
"F:/GitHubProject/ExperementalGame/Experemental/Content/TopDownBP/Blueprints/TopDownGameMode.uasset" 141
"F:/GitHubProject/ExperementalGame/Experemental/Content/MCO_Mocap_Basics/Animation/Mobility_Pro/In_Place/MOB1_Jog_F_to_Stand_Relaxed_RU_IPC.uasset" 142
"F:/GitHubProject/ExperementalGame/Experemental/Content/MCO_Mocap_Basics/Animation/Mobility_Pro/In_Place/MOB1_Run_F_to_Stand_Relaxed_RU_IPC.uasset" 143
"F:/GitHubProject/ExperementalGame/Experemental/Content/MCO_Mocap_Basics/Animation/Mobility_Pro/In_Place/MOB1_Jog_F_IPC.uasset" 144
"F:/GitHubProject/ExperementalGame/Experemental/Content/MCO_Mocap_Basics/Animation/Mobility_Pro/In_Place/MOB1_Run_F_IPC.uasset" 145
"F:/GitHubProject/ExperementalGame/Experemental/Content/MCO_Mocap_Basics/Animation/Mobility_Pro/In_Place/MOB1_Walk_F_IPC.uasset" 146
"F:/GitHubProject/ExperementalGame/Experemental/Content/MCO_Mocap_Basics/Animation/Mobility_Pro/Root_Motion/MOB1_Stand_Relaxed_Idle_v2.uasset" 147
"F:/GitHubProject/ExperementalGame/Experemental/Content/MCO_Mocap_Basics/Animation/Mobility_Pro/Root_Motion/Root_MotionAnim.uasset" 148
"../../../Engine/Content/Functions/MaterialLayerFunctions/MatLayerBlend_AO.uasset" 149
"F:/GitHubProject/ExperementalGame/Experemental/Content/MCO_Mocap_Basics/Character/Materials/MaterialLayers/T_ML_Rubber_Blue_01_D.uasset" 150
"F:/GitHubProject/ExperementalGame/Experemental/Content/MCO_Mocap_Basics/Character/Materials/MaterialLayers/T_ML_Rubber_Blue_01_N.uasset" 151
"F:/GitHubProject/ExperementalGame/Experemental/Content/MCO_Mocap_Basics/Character/Materials/MaterialLayers/ML_GlossyBlack_Latex_UE4.uasset" 152
"F:/GitHubProject/ExperementalGame/Experemental/Content/MCO_Mocap_Basics/Character/Materials/MaterialLayers/ML_Plastic_Shiny_Beige.uasset" 153
"F:/GitHubProject/ExperementalGame/Experemental/Content/MCO_Mocap_Basics/Character/Textures/UE4_LOGO_CARD.uasset" 154
"F:/GitHubProject/ExperementalGame/Experemental/Content/MCO_Mocap_Basics/Character/Materials/MaterialLayers/ML_Plastic_Shiny_Beige_LOGO.uasset" 155
"F:/GitHubProject/ExperementalGame/Experemental/Content/MCO_Mocap_Basics/Character/Materials/MaterialLayers/T_ML_Aluminum01.uasset" 156
"F:/GitHubProject/ExperementalGame/Experemental/Content/MCO_Mocap_Basics/Character/Materials/MaterialLayers/T_ML_Aluminum01_N.uasset" 157
"F:/GitHubProject/ExperementalGame/Experemental/Content/MCO_Mocap_Basics/Character/Materials/MaterialLayers/ML_SoftMetal_UE4.uasset" 158
"F:/GitHubProject/ExperementalGame/Experemental/Content/MCO_Mocap_Basics/Character/Textures/UE4_Mannequin__normals.uasset" 159
"F:/GitHubProject/ExperementalGame/Experemental/Content/MCO_Mocap_Basics/Character/Textures/UE4_Mannequin_MAT_MASKA.uasset" 160
"F:/GitHubProject/ExperementalGame/Experemental/Content/MCO_Mocap_Basics/Character/Textures/UE4_Mannequin_occlusion.uasset" 161
"F:/GitHubProject/ExperementalGame/Experemental/Content/MCO_Mocap_Basics/Character/Materials/M_UE4Man_Body.uasset" 162
"F:/GitHubProject/ExperementalGame/Experemental/Content/MCO_Mocap_Basics/Character/Textures/UE4Man_Logo_N.uasset" 163
"F:/GitHubProject/ExperementalGame/Experemental/Content/MCO_Mocap_Basics/Character/Materials/M_UE4Man_ChestLogo.uasset" 164
"F:/GitHubProject/ExperementalGame/Experemental/Content/MCO_Mocap_Basics/Character/Mesh/SK_Mannequin_PhysicsAsset.uasset" 165
"F:/GitHubProject/ExperementalGame/Experemental/Content/MCO_Mocap_Basics/Character/Mesh/SK_Mannequin.uasset" 166
"F:/GitHubProject/ExperementalGame/Experemental/Content/TopDownNetwork/ServerCharacterController.uasset" 167
"F:/GitHubProject/ExperementalGame/Experemental/Content/MCO_Mocap_Basics/Animation/Mobility_Pro/Root_Motion/Advanced_Anim.uasset" 168
"../../../Engine/Content/EditorBlueprintResources/ActorMacros.uasset" 169
"../../../Engine/Content/BasicShapes/BasicShapeMaterial.uasset" 170
"../../../Engine/Content/Functions/Engine_MaterialFunctions01/Opacity/CameraDepthFade.uasset" 171
"../../../Engine/Content/EngineMaterials/T_Default_Material_Grid_M.uasset" 172
"../../../Engine/Content/EngineMaterials/T_Default_Material_Grid_N.uasset" 173
"../../../Engine/Content/EngineMaterials/WorldGridMaterial.uasset" 174
"../../../Engine/Content/BasicShapes/Cube.uasset" 175
"F:/GitHubProject/ExperementalGame/Experemental/Content/TopDownNetwork/ClientSidePawn.uasset" 176
"F:/GitHubProject/ExperementalGame/Experemental/Content/TopDownNetwork/NetworkPlayerState.uasset" 177
"F:/GitHubProject/ExperementalGame/Experemental/Content/TopDownNetwork/ServerSideController.uasset" 178
"F:/GitHubProject/ExperementalGame/Experemental/Content/TopDownNetwork/ClientSideController.uasset" 179
"F:/GitHubProject/ExperementalGame/Experemental/Content/UI/Global/HelpUI.uasset" 180
"../../../Engine/Content/ArtTools/RenderToTexture/Meshes/S_1_Unit_Plane.uasset" 181
"../../../Engine/Content/EngineMaterials/DefaultMaterial.uasset" 182
"../../../Engine/Content/BasicShapes/Cone.uasset" 183
"../../../Engine/Content/BasicShapes/Cylinder.uasset" 184
"../../../Engine/Content/BasicShapes/Plane.uasset" 185
"../../../Engine/Content/EditorLandscapeResources/DataLayer.uasset" 186
"../../../Engine/Content/EditorMaterials/GizmoMaterial.uasset" 187
"../../../Engine/Content/EditorMaterials/MAT_Groups_Toggle.uasset" 188
"../../../Engine/Content/EditorMaterials/MAT_Groups_Visibility.uasset" 189
"../../../Engine/Content/EditorMaterials/PreviewShadowIndicator.uasset" 190
"../../../Engine/Content/EditorMaterials/PreviewShadowIndicatorMaterial.uasset" 191
"../../../Engine/Content/EditorMaterials/MatineeGroups/MAT_ColorTrack.uasset" 192
"../../../Engine/Content/EditorMaterials/MatineeGroups/MAT_Groups_Anim.uasset" 193
"../../../Engine/Content/EditorMaterials/MatineeGroups/MAT_Groups_AudioMaster.uasset" 194
"../../../Engine/Content/EditorMaterials/MatineeGroups/MAT_Groups_Director.uasset" 195
"../../../Engine/Content/EditorMaterials/MatineeGroups/MAT_Groups_Event.uasset" 196
"../../../Engine/Content/EditorMaterials/MatineeGroups/MAT_Groups_Fade.uasset" 197
"../../../Engine/Content/EditorMaterials/MatineeGroups/MAT_Groups_Float.uasset" 198
"../../../Engine/Content/EditorMaterials/MatineeGroups/MAT_Groups_Move.uasset" 199
"../../../Engine/Content/EditorMaterials/MatineeGroups/MAT_Groups_Slomo.uasset" 200
"../../../Engine/Content/EditorMaterials/MatineeGroups/MAT_Groups_Sound.uasset" 201
"../../../Engine/Content/EditorMaterials/MatineeGroups/MAT_Groups_Vector.uasset" 202
"../../../Engine/Content/EditorMaterials/ParticleSystems/PSysThumbnail_NoImage.uasset" 203
"../../../Engine/Content/EditorMaterials/ParticleSystems/PSysThumbnail_OOD.uasset" 204
"../../../Engine/Content/EditorMaterials/Camera/CineMat.uasset" 205
"../../../Engine/Content/EditorMaterials/Camera/MI_CineMat_Rig.uasset" 206
"../../../Engine/Content/EditorMeshes/Camera/SM_CraneRig_Arm.uasset" 207
"../../../Engine/Content/EditorMeshes/Camera/SM_CraneRig_Base.uasset" 208
"../../../Engine/Content/EditorMeshes/Camera/SM_CraneRig_Body.uasset" 209
"../../../Engine/Content/EditorMeshes/Camera/SM_CraneRig_Mount.uasset" 210
"../../../Engine/Content/EditorMeshes/Camera/SM_RailRig_Mount.uasset" 211
"../../../Engine/Content/EditorMeshes/Camera/SM_RailRig_Track.uasset" 212
"../../../Engine/Content/EditorResources/BSPVertex.uasset" 213
"../../../Engine/Content/EditorResources/EmptyActor.uasset" 214
"../../../Engine/Content/EditorResources/S_Actor.uasset" 215
"../../../Engine/Content/EditorResources/S_Trigger.uasset" 216
"../../../Engine/Content/EditorResources/AudioIcons/S_AudioComponent.uasset" 217
"../../../Engine/Content/EditorResources/AudioIcons/S_AudioComponent_AutoActivate.uasset" 218
"../../../Engine/Content/EditorResources/LightIcons/S_LightError.uasset" 219
"../../../Engine/Content/EditorResources/SequenceRecorder/Countdown.uasset" 220
"../../../Engine/Content/EditorResources/SequenceRecorder/RecordingIndicator.uasset" 221
"../../../Engine/Content/EditorSounds/Notifications/CompileFailed.uasset" 222
"../../../Engine/Content/EditorSounds/Notifications/CompileFailed_Cue.uasset" 223
"../../../Engine/Content/EditorSounds/Notifications/CompileSuccess.uasset" 224
"../../../Engine/Content/EditorSounds/Notifications/CompileStart_Cue.uasset" 225
"../../../Engine/Content/EditorSounds/Notifications/CompileSuccess_Cue.uasset" 226
"../../../Engine/Content/EngineDamageTypes/DmgTypeBP_Environmental.uasset" 227
"../../../Engine/Content/EngineDebugMaterials/HeatmapGradient.uasset" 228
"../../../Engine/Content/EngineDebugMaterials/BoneWeightMaterial.uasset" 229
"../../../Engine/Content/EngineDebugMaterials/ClothMaterial.uasset" 230
"../../../Engine/Content/EngineDebugMaterials/ClothMaterial_WF.uasset" 231
"../../../Engine/Content/EngineDebugMaterials/DebugEditorMaterial.uasset" 232
"../../../Engine/Content/EngineDebugMaterials/DebugMeshMaterial.uasset" 233
"../../../Engine/Content/EngineDebugMaterials/GeomMaterial.uasset" 234
"../../../Engine/Content/EngineDebugMaterials/M_SimpleTranslucent.uasset" 235
"../../../Engine/Content/EngineFonts/Faces/RobotoBold.uasset" 236
"../../../Engine/Content/EngineFonts/Faces/RobotoBoldItalic.uasset" 237
"../../../Engine/Content/EngineFonts/Faces/RobotoItalic.uasset" 238
"../../../Engine/Content/EngineFonts/Faces/RobotoLight.uasset" 239
"../../../Engine/Content/EngineFonts/Faces/RobotoRegular.uasset" 240
"../../../Engine/Content/EngineFonts/Roboto.uasset" 241
"../../../Engine/Content/EngineFonts/Faces/RobotoTiny.uasset" 242
"../../../Engine/Content/EngineFonts/RobotoTiny.uasset" 243
"../../../Engine/Content/EngineMaterials/BaseFlattenDiffuseMap.uasset" 244
"../../../Engine/Content/EngineMaterials/BaseFlattenEmissiveMap.uasset" 245
"../../../Engine/Content/EngineMaterials/BaseFlattenGrayscaleMap.uasset" 246
"../../../Engine/Content/EngineMaterials/BaseFlattenNormalMap.uasset" 247
"../../../Engine/Content/EngineMaterials/BaseFlattenMaterial.uasset" 248
"../../../Engine/Content/EngineMaterials/DefaultBloomKernel.uasset" 249
"../../../Engine/Content/EngineMaterials/DefaultBokeh.uasset" 250
"../../../Engine/Content/EngineMaterials/DefaultDiffuse.uasset" 251
"../../../Engine/Content/EngineMaterials/DefaultDeferredDecalMaterial.uasset" 252
"../../../Engine/Content/EngineMaterials/DefaultLightFunctionMaterial.uasset" 253
"../../../Engine/Content/Functions/Engine_MaterialFunctions02/Utility/BreakOutFloat2Components.uasset" 254
"../../../Engine/Content/EngineMaterials/DefaultPostProcessMaterial.uasset" 255
"../../../Engine/Content/EngineFonts/RobotoDistanceField.uasset" 256
"../../../Engine/Content/EngineMaterials/DefaultTextMaterialOpaque.uasset" 257
"../../../Engine/Content/EngineMaterials/DefaultWhiteGrid.uasset" 258
"../../../Engine/Content/EngineMaterials/EditorBrushMaterial.uasset" 259
"../../../Engine/Content/EngineMaterials/Good64x64TilingNoiseHighFreq.uasset" 260
"../../../Engine/Content/EngineMaterials/MiniFont.uasset" 261
"../../../Engine/Content/EngineMaterials/InvalidLightmapSettings.uasset" 262
"../../../Engine/Content/EngineMaterials/M_InvalidLightmapSettings.uasset" 263
"../../../Engine/Content/Functions/Engine_MaterialFunctions02/WorldPositionOffset/CameraOffset.uasset" 264
"../../../Engine/Content/EngineMaterials/PhAT_JointLimitMaterial.uasset" 265
"../../../Engine/Content/EngineMaterials/PreintegratedSkinBRDF.uasset" 266
"../../../Engine/Content/EngineMaterials/RemoveSurfaceMaterial.uasset" 267
"../../../Engine/Content/EngineMaterials/WeightMapPlaceholderTexture.uasset" 268
"../../../Engine/Content/EngineResources/WhiteSquareTexture.uasset" 269
"../../../Engine/Content/EngineMaterials/Widget3DPassThrough.uasset" 270
"../../../Engine/Content/EngineMaterials/Widget3DPassThrough_Masked.uasset" 271
"../../../Engine/Content/EngineMaterials/Widget3DPassThrough_Opaque.uasset" 272
"../../../Engine/Content/EngineMaterials/Widget3DPassThrough_Masked_OneSided.uasset" 273
"../../../Engine/Content/EngineMaterials/Widget3DPassThrough_Opaque_OneSided.uasset" 274
"../../../Engine/Content/EngineMaterials/Widget3DPassThrough_Translucent.uasset" 275
"../../../Engine/Content/EngineMaterials/Widget3DPassThrough_Translucent_OneSided.uasset" 276
"../../../Engine/Content/EngineMeshes/Cylinder.uasset" 277
"../../../Engine/Content/EngineMeshes/Sphere.uasset" 278
"../../../Engine/Content/EngineResources/Black.uasset" 279
"../../../Engine/Content/EngineResources/DefaultTexture.uasset" 280
"../../../Engine/Content/EngineResources/DefaultTextureCube.uasset" 281
"../../../Engine/Content/EngineResources/DefaultVolumeTexture2D.uasset" 282
"../../../Engine/Content/EngineResources/DefaultVolumeTexture.uasset" 283
"../../../Engine/Content/EngineResources/GradientTexture0.uasset" 284
"../../../Engine/Content/EngineSounds/Master.uasset" 285
"../../../Engine/Content/Functions/Engine_MaterialFunctions01/Shading/ConvertFromDiffSpec.uasset" 286
"../../../Engine/Content/Functions/Engine_MaterialFunctions01/Shading/PowerToRoughness.uasset" 287
"../../../Engine/Content/Maps/Templates/Thumbnails/Default.uasset" 288
"../../../Engine/Content/Maps/Templates/Thumbnails/VR-Basic.uasset" 289
"../../../Engine/Content/MobileResources/T_MobileControls_texture.uasset" 290
"../../../Engine/Content/MobileResources/T_MobileMenu2.uasset" 291
"../../../Engine/Content/MobileResources/HUD/AnalogHat.uasset" 292
"../../../Engine/Content/MobileResources/HUD/VirtualJoystick_Background.uasset" 293
"../../../Engine/Content/MobileResources/HUD/VirtualJoystick_Thumb.uasset" 294
"../../../Engine/Content/MobileResources/HUD/DefaultVirtualJoysticks.uasset" 295
"../../../Engine/Content/MobileResources/HUD/LeftVirtualJoystickOnly.uasset" 296
"../../../Engine/Content/MobileResources/HUD/MobileHUDButton1_off.uasset" 297
"../../../Engine/Content/MobileResources/HUD/MobileHUDButton1_on.uasset" 298
"../../../Engine/Content/MobileResources/HUD/MobileHUDButton2_off.uasset" 299
"../../../Engine/Content/MobileResources/HUD/MobileHUDButton2_on.uasset" 300
"../../../Engine/Content/MobileResources/HUD/MobileHUDButton3.uasset" 301
"../../../Engine/Content/MobileResources/HUD/MobileHUDButtonFire.uasset" 302
"../../../Engine/Content/MobileResources/HUD/MobileHUDDirectionPad.uasset" 303
"../../../Engine/Content/MobileResources/HUD/MobileHUDDirectionPad2.uasset" 304
"../../../Engine/Content/MobileResources/HUD/MobileHUDDirectionPad3.uasset" 305
"../../../Engine/Content/MobileResources/HUD/MobileHUDDirectionStick.uasset" 306
"../../../Engine/Content/MobileResources/HUD/T_Castle_ThumbstickInner.uasset" 307
"../../../Engine/Content/MobileResources/HUD/T_Castle_ThumbstickOutter.uasset" 308
"../../../Engine/Content/Tutorial/ContentIntroCurve.uasset" 309
"../../../Engine/Content/Tutorial/Basics/TutorialAssets/icon_tab_Levels_40x.uasset" 310
"../../../Engine/Content/Tutorial/BlueprintTutorials/TutorialAssets/Blueprint_64x.uasset" 311
"../../../Engine/Content/VREditor/LaserPointer/VR_LaserPower_01.uasset" 312
"../../../Engine/Content/VREditor/TransformGizmo/TransformGizmoMaterial.uasset" 313
"../../../Engine/Content/VREditor/TransformGizmo/TranslucentTransformGizmoMaterial.uasset" 314
"../../../Engine/Content/VREditor/TransformGizmo/BoundingBoxCorner.uasset" 315
"../../../Engine/Content/VREditor/TransformGizmo/BoundingBoxEdge.uasset" 316
"../../../Engine/Content/VREditor/TransformGizmo/PlaneTranslationHandle.uasset" 317
"../../../Engine/Content/VREditor/TransformGizmo/Main.uasset" 318
"../../../Engine/Content/VREditor/TransformGizmo/Xray.uasset" 319
"../../../Engine/Content/VREditor/TransformGizmo/SM_Sequencer_Key.uasset" 320
"../../../Engine/Content/VREditor/TransformGizmo/SM_Sequencer_Node.uasset" 321
"../../Plugins/2D/Paper2D/Content/PlaceholderTextures/DummySpriteTexture.uasset" 322
"../../Plugins/2D/Paper2D/Content/DummySprite.uasset" 323
"../../Plugins/2D/Paper2D/Content/DefaultPaperTerrainMaterial.uasset" 324
"../../Plugins/2D/Paper2D/Content/DefaultSpriteMaterial.uasset" 325
"../../Plugins/2D/Paper2D/Content/MaskedUnlitSpriteMaterial.uasset" 326
"../../Plugins/2D/Paper2D/Content/OpaqueUnlitSpriteMaterial.uasset" 327
"../../Plugins/Runtime/Oculus/OculusVR/Content/Materials/PokeAHoleMaterial.uasset" 328
"../../Plugins/Runtime/Oculus/OculusVR/Content/Textures/GearVRController_AO.uasset" 329
"../../Plugins/Runtime/Oculus/OculusVR/Content/Textures/GearVRController_Color.uasset" 330
"../../Plugins/Runtime/Oculus/OculusVR/Content/Textures/GearVRController_Normal.uasset" 331
"../../Plugins/Runtime/Oculus/OculusVR/Content/Materials/GearVRControllerMaterial.uasset" 332
"../../Plugins/Runtime/Oculus/OculusVR/Content/Meshes/GearVrController.uasset" 333
"../../Plugins/Runtime/Oculus/OculusVR/Content/Textures/touchController_albedo.uasset" 334
"../../Plugins/Runtime/Oculus/OculusVR/Content/Textures/touchController_controlmap.uasset" 335
"../../Plugins/Runtime/Oculus/OculusVR/Content/Materials/touchController_mat.uasset" 336
"../../Plugins/Runtime/Oculus/OculusVR/Content/Meshes/LeftTouchController.uasset" 337
"../../Plugins/Runtime/Oculus/OculusVR/Content/Meshes/RiftHMD.uasset" 338
"../../Plugins/Runtime/Oculus/OculusVR/Content/Meshes/RightTouchController.uasset" 339
"F:/GitHubProject/ExperementalGame/Experemental/Content/MCO_Mocap_Basics/Animation/Conversations/Root_Motion/Convo_01_Low_Key_Loop.uasset" 340
"F:/GitHubProject/ExperementalGame/Experemental/Content/MCO_Mocap_Basics/Animation/Conversations/Root_Motion/Convo_11_Listening_Loop.uasset" 341
"F:/GitHubProject/ExperementalGame/Experemental/Content/MCO_Mocap_Basics/Animation/Mobility_Pro/In_Place/MOB1_Crouch_Idle_V2_IPC.uasset" 342
"F:/GitHubProject/ExperementalGame/Experemental/Content/MCO_Mocap_Basics/Animation/Mobility_Pro/In_Place/MOB1_CrouchWalk_F_IPC.uasset" 343
"F:/GitHubProject/ExperementalGame/Experemental/Content/MCO_Mocap_Basics/Animation/Mobility_Pro/In_Place/MOB1_Stand_Relaxed_Death_B_IPC.uasset" 344
"F:/GitHubProject/ExperementalGame/Experemental/Content/MCO_Mocap_Basics/Animation/Mobility_Pro/In_Place/MOB1_Stand_Relaxed_Fgt_v1_IPC.uasset" 345
"F:/GitHubProject/ExperementalGame/Experemental/Content/MCO_Mocap_Basics/Animation/Mobility_Pro/In_Place/MOB1_Stand_Relaxed_Fgt_v4_IPC.uasset" 346
"F:/GitHubProject/ExperementalGame/Experemental/Content/MCO_Mocap_Basics/Animation/Mobility_Pro/In_Place/MOB1_Stand_Relaxed_Idle_v2_IPC.uasset" 347
"F:/GitHubProject/ExperementalGame/Experemental/Content/MCO_Mocap_Basics/Animation/Scared/In_Place/SCR_Walk_Scared_Fwd_Look_Left_Loop_IP.uasset" 348
"F:/GitHubProject/ExperementalGame/Experemental/Content/MCO_Mocap_Basics/Animation/Scared/In_Place/SCR_Walk_Scared_Fwd_Look_Right_Loop_IP.uasset" 349
"F:/GitHubProject/ExperementalGame/Experemental/Content/MCO_Mocap_Basics/Animation/Walks/In_Place/Walk_02_Cheerful_Loop_IP.uasset" 350
"F:/GitHubProject/ExperementalGame/Experemental/Content/MCO_Mocap_Basics/Animation/Walks/In_Place/Walk_04_Texting_Loop_IP.uasset" 351
"F:/GitHubProject/ExperementalGame/Experemental/Content/MCO_Mocap_Basics/Animation/Walks/In_Place/Walk_06_Look_Around_Loop_IP.uasset" 352
"F:/GitHubProject/ExperementalGame/Experemental/Content/MCO_Mocap_Basics/Animation/Walks/In_Place/Walk_08_Listen_Music_Loop_IP.uasset" 353
"F:/GitHubProject/ExperementalGame/Experemental/Content/MCO_Mocap_Basics/Animation/Walks/In_Place/Walk_13_Power_Walk_Loop_IP.uasset" 354
"../../../Engine/Content/EngineSky/C_Sky_Cloud_Color.uasset" 355
"../../../Engine/Content/EngineSky/C_Sky_Horizon_Color.uasset" 356
"../../../Engine/Content/EngineSky/C_Sky_Zenith_Color.uasset" 357
"../../../Engine/Content/EngineSky/T_Sky_Blue.uasset" 358
"../../../Engine/Content/EngineSky/T_Sky_Clouds_M.uasset" 359
"../../../Engine/Content/EngineSky/T_Sky_Stars.uasset" 360
"../../../Engine/Content/EngineSky/M_Sky_Panning_Clouds2.uasset" 361
"../../../Engine/Content/EngineSky/SM_SkySphere.uasset" 362
"../../../Engine/Content/EngineSky/BP_Sky_Sphere.uasset" 363
"../../../Engine/Content/TemplateResources/M_Template_Master.uasset" 364
"../../../Engine/Content/TemplateResources/MI_Template_BaseGray_03_Metal.uasset" 365
"F:/GitHubProject/ExperementalGame/Experemental/Content/MCO_Mocap_Basics/Overview.umap" 366
"F:/GitHubProject/ExperementalGame/Experemental/Content/Blueprint/GameInfo/MainMenuGameMode.uasset" 367
"F:/GitHubProject/ExperementalGame/Experemental/Content/Blueprint/MainMenu/MultiPlayer/MP_HostGame.uasset" 368
"F:/GitHubProject/ExperementalGame/Experemental/Content/Blueprint/MainMenu/MultiPlayer/MP_FindGame.uasset" 369
"F:/GitHubProject/ExperementalGame/Experemental/Content/Blueprint/MainMenu/MultiPlayer/MP_ServerBrowser.uasset" 370
"F:/GitHubProject/ExperementalGame/Experemental/Content/Blueprint/MainMenu/MP_Menu.uasset" 371
"F:/GitHubProject/ExperementalGame/Experemental/Content/Blueprint/MainMenu/MainMenu.uasset" 372
"F:/GitHubProject/ExperementalGame/Experemental/Content/Scene/Mainmenu.umap" 373
"F:/GitHubProject/ExperementalGame/Experemental/Content/TopDownNetwork/NetworkGameMode.uasset" 374
"F:/GitHubProject/ExperementalGame/Experemental/Content/Scene/TopDownExampleMap_BuiltData.uasset" 375
"F:/GitHubProject/ExperementalGame/Experemental/Content/StarterContent/Textures/T_CobbleStone_Pebble_D.uasset" 376
"F:/GitHubProject/ExperementalGame/Experemental/Content/StarterContent/Textures/T_CobbleStone_Pebble_M.uasset" 377
"F:/GitHubProject/ExperementalGame/Experemental/Content/StarterContent/Textures/T_CobbleStone_Pebble_N.uasset" 378
"F:/GitHubProject/ExperementalGame/Experemental/Content/StarterContent/Textures/T_MacroVariation.uasset" 379
"F:/GitHubProject/ExperementalGame/Experemental/Content/StarterContent/Materials/M_CobbleStone_Pebble.uasset" 380
"../../../Engine/Content/BasicShapes/Sphere.uasset" 381
"../../../Engine/Content/EngineMaterials/DefaultPhysicalMaterial.uasset" 382
"F:/GitHubProject/ExperementalGame/Experemental/Content/Geometry/Meshes/1M_Cube.uasset" 383
"F:/GitHubProject/ExperementalGame/Experemental/Content/Geometry/Meshes/1M_Cube_Chamfer.uasset" 384
"F:/GitHubProject/ExperementalGame/Experemental/Content/Scene/TopDownExampleMap.umap" 385
"F:/GitHubProject/ExperementalGame/Experemental/Content/StarterContent/Blueprints/Assets/FogBrightnessLUT.uasset" 386
"F:/GitHubProject/ExperementalGame/Experemental/Content/StarterContent/Blueprints/Assets/SunlightColorLUT.uasset" 387
"F:/GitHubProject/ExperementalGame/Experemental/Content/StarterContent/Blueprints/Assets/M_LightStage_Arrows.uasset" 388
"../../../Engine/Content/MapTemplates/Sky/DaylightAmbientCubemap.uasset" 389
"F:/GitHubProject/ExperementalGame/Experemental/Content/StarterContent/Blueprints/Assets/M_LightStage_Skybox_Master.uasset" 390
"F:/GitHubProject/ExperementalGame/Experemental/Content/StarterContent/Blueprints/Assets/M_LightStage_Skybox_Black.uasset" 391
"F:/GitHubProject/ExperementalGame/Experemental/Content/StarterContent/Blueprints/Assets/M_LightStage_Skybox_HDRI.uasset" 392
"../../../Engine/Content/EditorMaterials/Thumbnails/SkySphereMaterial.uasset" 393
"F:/GitHubProject/ExperementalGame/Experemental/Content/StarterContent/Blueprints/Assets/Skybox.uasset" 394
"F:/GitHubProject/ExperementalGame/Experemental/Content/StarterContent/Blueprints/Assets/SM_Arrows.uasset" 395
"F:/GitHubProject/ExperementalGame/Experemental/Content/StarterContent/HDRI/HDRI_Epic_Courtyard_Daylight.uasset" 396
"F:/GitHubProject/ExperementalGame/Experemental/Content/StarterContent/Blueprints/BP_LightStudio.uasset" 397
"F:/GitHubProject/ExperementalGame/Experemental/Content/StarterContent/Maps/Advanced_Lighting_BuiltData.uasset" 398
"F:/GitHubProject/ExperementalGame/Experemental/Content/StarterContent/Materials/M_AssetPlatform.uasset" 399
"../../../Engine/Content/EditorMeshes/ColorCalibrator/M_ChromeBall.uasset" 400
"../../../Engine/Content/EditorMeshes/ColorCalibrator/M_ClearCoat.uasset" 401
"../../../Engine/Content/EditorMeshes/ColorCalibrator/M_ClearCoatBlack.uasset" 402
"../../../Engine/Content/EditorMeshes/ColorCalibrator/Color_checker.uasset" 403
"../../../Engine/Content/EditorMeshes/ColorCalibrator/M_ColorGrid.uasset" 404
"../../../Engine/Content/EditorMeshes/ColorCalibrator/M_GreyBall.uasset" 405
"../../../Engine/Content/EditorMeshes/ColorCalibrator/SM_ColorCalibrator.uasset" 406
"F:/GitHubProject/ExperementalGame/Experemental/Content/StarterContent/Architecture/SM_AssetPlatform.uasset" 407
"F:/GitHubProject/ExperementalGame/Experemental/Content/StarterContent/Maps/Advanced_Lighting.umap" 408
"F:/GitHubProject/ExperementalGame/Experemental/Content/StarterContent/Maps/Minimal_Default_BuiltData.uasset" 409
"F:/GitHubProject/ExperementalGame/Experemental/Content/StarterContent/Materials/M_Metal_Brushed_Nickel.uasset" 410
"F:/GitHubProject/ExperementalGame/Experemental/Content/StarterContent/Textures/T_Metal_Aluminum_D.uasset" 411
"F:/GitHubProject/ExperementalGame/Experemental/Content/StarterContent/Textures/T_Metal_Gold_N.uasset" 412
"F:/GitHubProject/ExperementalGame/Experemental/Content/StarterContent/Materials/M_Metal_Burnished_Steel.uasset" 413
"F:/GitHubProject/ExperementalGame/Experemental/Content/StarterContent/Textures/T_Metal_Copper_D.uasset" 414
"F:/GitHubProject/ExperementalGame/Experemental/Content/StarterContent/Materials/M_Metal_Copper.uasset" 415
"F:/GitHubProject/ExperementalGame/Experemental/Content/StarterContent/Textures/T_Statue_M.uasset" 416
"F:/GitHubProject/ExperementalGame/Experemental/Content/StarterContent/Textures/T_Statue_N.uasset" 417
"F:/GitHubProject/ExperementalGame/Experemental/Content/StarterContent/Props/Materials/M_StatueGlass.uasset" 418
"F:/GitHubProject/ExperementalGame/Experemental/Content/StarterContent/Architecture/Floor_400x400.uasset" 419
"F:/GitHubProject/ExperementalGame/Experemental/Content/StarterContent/Audio/Starter_Background_Cue.uasset" 420
"F:/GitHubProject/ExperementalGame/Experemental/Content/StarterContent/Props/SM_Chair.uasset" 421
"F:/GitHubProject/ExperementalGame/Experemental/Content/StarterContent/Props/Materials/M_Statue.uasset" 422
"F:/GitHubProject/ExperementalGame/Experemental/Content/StarterContent/Props/SM_Statue.uasset" 423
"F:/GitHubProject/ExperementalGame/Experemental/Content/StarterContent/Textures/T_TableRound_M.uasset" 424
"F:/GitHubProject/ExperementalGame/Experemental/Content/StarterContent/Textures/T_TableRound_N.uasset" 425
"F:/GitHubProject/ExperementalGame/Experemental/Content/StarterContent/Props/Materials/M_TableRound.uasset" 426
"F:/GitHubProject/ExperementalGame/Experemental/Content/StarterContent/Props/SM_TableRound.uasset" 427
"F:/GitHubProject/ExperementalGame/Experemental/Content/StarterContent/Maps/Minimal_Default.umap" 428
"F:/GitHubProject/ExperementalGame/Experemental/Content/StarterContent/Audio/Fire01_Cue.uasset" 429
"F:/GitHubProject/ExperementalGame/Experemental/Content/StarterContent/Textures/T_Fire_SubUV.uasset" 430
"F:/GitHubProject/ExperementalGame/Experemental/Content/StarterContent/Textures/T_Fire_Tiled_D.uasset" 431
"F:/GitHubProject/ExperementalGame/Experemental/Content/StarterContent/Particles/Materials/M_Fire_SubUV.uasset" 432
"F:/GitHubProject/ExperementalGame/Experemental/Content/StarterContent/Textures/T_Water_N.uasset" 433
"F:/GitHubProject/ExperementalGame/Experemental/Content/StarterContent/Particles/Materials/M_Heat_Distortion.uasset" 434
"F:/GitHubProject/ExperementalGame/Experemental/Content/StarterContent/Particles/Materials/M_Radial_Gradient.uasset" 435
"F:/GitHubProject/ExperementalGame/Experemental/Content/StarterContent/Particles/P_Fire.uasset" 436
"F:/GitHubProject/ExperementalGame/Experemental/Content/StarterContent/Blueprints/Blueprint_Effect_Fire.uasset" 437
"F:/GitHubProject/ExperementalGame/Experemental/Content/StarterContent/Audio/Smoke01_Cue.uasset" 438
"F:/GitHubProject/ExperementalGame/Experemental/Content/StarterContent/Particles/P_Smoke.uasset" 439
"F:/GitHubProject/ExperementalGame/Experemental/Content/StarterContent/Blueprints/Blueprint_Effect_Smoke.uasset" 440
"F:/GitHubProject/ExperementalGame/Experemental/Content/StarterContent/Audio/Fire_Sparks01_Cue.uasset" 441
"F:/GitHubProject/ExperementalGame/Experemental/Content/StarterContent/Textures/T_Spark_Core.uasset" 442
"F:/GitHubProject/ExperementalGame/Experemental/Content/StarterContent/Particles/Materials/M_Spark.uasset" 443
"F:/GitHubProject/ExperementalGame/Experemental/Content/StarterContent/Particles/P_Sparks.uasset" 444
"F:/GitHubProject/ExperementalGame/Experemental/Content/StarterContent/Blueprints/Blueprint_Effect_Sparks.uasset" 445
"F:/GitHubProject/ExperementalGame/Experemental/Content/StarterContent/Audio/Steam01_Cue.uasset" 446
"F:/GitHubProject/ExperementalGame/Experemental/Content/StarterContent/Particles/P_Steam_Lit.uasset" 447
"F:/GitHubProject/ExperementalGame/Experemental/Content/StarterContent/Blueprints/Blueprint_Effect_Steam.uasset" 448
"F:/GitHubProject/ExperementalGame/Experemental/Content/StarterContent/Textures/T_Lamp_M.uasset" 449
"F:/GitHubProject/ExperementalGame/Experemental/Content/StarterContent/Textures/T_Lamp_N.uasset" 450
"F:/GitHubProject/ExperementalGame/Experemental/Content/StarterContent/Props/Materials/M_Lamp.uasset" 451
"F:/GitHubProject/ExperementalGame/Experemental/Content/StarterContent/Props/SM_Lamp_Ceiling.uasset" 452
"F:/GitHubProject/ExperementalGame/Experemental/Content/StarterContent/Blueprints/Blueprint_CeilingLight.uasset" 453
"F:/GitHubProject/ExperementalGame/Experemental/Content/StarterContent/Props/SM_Lamp_Wall.uasset" 454
"F:/GitHubProject/ExperementalGame/Experemental/Content/StarterContent/Blueprints/Blueprint_WallSconce.uasset" 455
"F:/GitHubProject/ExperementalGame/Experemental/Content/StarterContent/Maps/StarterMap_BuiltData.uasset" 456
"../../../Engine/Content/Functions/Engine_MaterialFunctions03/Procedurals/ComputeFilterWidth.uasset" 457
"../../../Engine/Content/EngineMaterials/AntiAliasedTextMaterialTranslucent.uasset" 458
"F:/GitHubProject/ExperementalGame/Experemental/Content/StarterContent/Textures/T_Brick_Clay_Beveled_D.uasset" 459
"F:/GitHubProject/ExperementalGame/Experemental/Content/StarterContent/Textures/T_Brick_Clay_Beveled_M.uasset" 460
"F:/GitHubProject/ExperementalGame/Experemental/Content/StarterContent/Textures/T_Brick_Clay_Beveled_N.uasset" 461
"F:/GitHubProject/ExperementalGame/Experemental/Content/StarterContent/Materials/M_Brick_Clay_Beveled.uasset" 462
"F:/GitHubProject/ExperementalGame/Experemental/Content/StarterContent/Textures/T_Brick_Clay_New_D.uasset" 463
"F:/GitHubProject/ExperementalGame/Experemental/Content/StarterContent/Textures/T_Brick_Clay_New_M.uasset" 464
"F:/GitHubProject/ExperementalGame/Experemental/Content/StarterContent/Textures/T_Brick_Clay_New_N.uasset" 465
"F:/GitHubProject/ExperementalGame/Experemental/Content/StarterContent/Materials/M_Brick_Clay_New.uasset" 466
"F:/GitHubProject/ExperementalGame/Experemental/Content/StarterContent/Textures/T_Brick_Clay_Old_D.uasset" 467
"F:/GitHubProject/ExperementalGame/Experemental/Content/StarterContent/Textures/T_Brick_Clay_Old_N.uasset" 468
"F:/GitHubProject/ExperementalGame/Experemental/Content/StarterContent/Textures/T_Perlin_Noise_M.uasset" 469
"F:/GitHubProject/ExperementalGame/Experemental/Content/StarterContent/Materials/M_Brick_Clay_Old.uasset" 470
"F:/GitHubProject/ExperementalGame/Experemental/Content/StarterContent/Textures/T_Brick_Cut_Stone_D.uasset" 471
"F:/GitHubProject/ExperementalGame/Experemental/Content/StarterContent/Textures/T_Brick_Cut_Stone_N.uasset" 472
"F:/GitHubProject/ExperementalGame/Experemental/Content/StarterContent/Materials/M_Brick_Cut_Stone.uasset" 473
"F:/GitHubProject/ExperementalGame/Experemental/Content/StarterContent/Textures/T_Brick_Hewn_Stone_D.uasset" 474
"F:/GitHubProject/ExperementalGame/Experemental/Content/StarterContent/Textures/T_Brick_Hewn_Stone_M.uasset" 475
"F:/GitHubProject/ExperementalGame/Experemental/Content/StarterContent/Textures/T_Brick_Hewn_Stone_N.uasset" 476
"F:/GitHubProject/ExperementalGame/Experemental/Content/StarterContent/Materials/M_Brick_Hewn_Stone.uasset" 477
"F:/GitHubProject/ExperementalGame/Experemental/Content/StarterContent/Textures/T_Ceramic_Tile_M.uasset" 478
"F:/GitHubProject/ExperementalGame/Experemental/Content/StarterContent/Textures/T_Ceramic_Tile_N.uasset" 479
"F:/GitHubProject/ExperementalGame/Experemental/Content/StarterContent/Textures/T_Rock_Marble_Polished_D.uasset" 480
"F:/GitHubProject/ExperementalGame/Experemental/Content/StarterContent/Materials/M_Ceramic_Tile_Checker.uasset" 481
"F:/GitHubProject/ExperementalGame/Experemental/Content/StarterContent/Textures/T_CobbleStone_Rough_D.uasset" 482
"F:/GitHubProject/ExperementalGame/Experemental/Content/StarterContent/Textures/T_CobbleStone_Rough_N.uasset" 483
"F:/GitHubProject/ExperementalGame/Experemental/Content/StarterContent/Textures/T_Gradinet_01.uasset" 484
"F:/GitHubProject/ExperementalGame/Experemental/Content/StarterContent/Textures/T_Rock_Smooth_Granite_D.uasset" 485
"F:/GitHubProject/ExperementalGame/Experemental/Content/StarterContent/Materials/M_CobbleStone_Rough.uasset" 486
"F:/GitHubProject/ExperementalGame/Experemental/Content/StarterContent/Textures/T_CobbleStone_Smooth_D.uasset" 487
"F:/GitHubProject/ExperementalGame/Experemental/Content/StarterContent/Textures/T_CobbleStone_Smooth_M.uasset" 488
"F:/GitHubProject/ExperementalGame/Experemental/Content/StarterContent/Textures/T_CobbleStone_Smooth_N.uasset" 489
"F:/GitHubProject/ExperementalGame/Experemental/Content/StarterContent/Materials/M_CobbleStone_Smooth.uasset" 490
"F:/GitHubProject/ExperementalGame/Experemental/Content/StarterContent/Textures/T_Concrete_Grime_D.uasset" 491
"F:/GitHubProject/ExperementalGame/Experemental/Content/StarterContent/Textures/T_Metal_Rust_N.uasset" 492
"F:/GitHubProject/ExperementalGame/Experemental/Content/StarterContent/Materials/M_Concrete_Grime.uasset" 493
"F:/GitHubProject/ExperementalGame/Experemental/Content/StarterContent/Textures/T_Concrete_Panels_D.uasset" 494
"F:/GitHubProject/ExperementalGame/Experemental/Content/StarterContent/Textures/T_Concrete_Panels_N.uasset" 495
"F:/GitHubProject/ExperementalGame/Experemental/Content/StarterContent/Materials/M_Concrete_Panels.uasset" 496
"F:/GitHubProject/ExperementalGame/Experemental/Content/StarterContent/Textures/T_Concrete_Poured_D.uasset" 497
"F:/GitHubProject/ExperementalGame/Experemental/Content/StarterContent/Textures/T_Concrete_Poured_N.uasset" 498
"F:/GitHubProject/ExperementalGame/Experemental/Content/StarterContent/Materials/M_Concrete_Poured.uasset" 499
"F:/GitHubProject/ExperementalGame/Experemental/Content/StarterContent/Textures/T_Concrete_Tiles_D.uasset" 500
"F:/GitHubProject/ExperementalGame/Experemental/Content/StarterContent/Textures/T_Concrete_Tiles_M.uasset" 501
"F:/GitHubProject/ExperementalGame/Experemental/Content/StarterContent/Textures/T_Concrete_Tiles_N.uasset" 502
"F:/GitHubProject/ExperementalGame/Experemental/Content/StarterContent/Textures/T_Concrete_Tiles_Variation_M.uasset" 503
"F:/GitHubProject/ExperementalGame/Experemental/Content/StarterContent/Materials/M_Concrete_Tiles.uasset" 504
"F:/GitHubProject/ExperementalGame/Experemental/Content/StarterContent/Textures/T_Ground_Grass_D.uasset" 505
"F:/GitHubProject/ExperementalGame/Experemental/Content/StarterContent/Textures/T_Ground_Grass_N.uasset" 506
"F:/GitHubProject/ExperementalGame/Experemental/Content/StarterContent/Materials/M_Ground_Grass.uasset" 507
"F:/GitHubProject/ExperementalGame/Experemental/Content/StarterContent/Textures/T_Ground_Gravel_D.uasset" 508
"F:/GitHubProject/ExperementalGame/Experemental/Content/StarterContent/Textures/T_Ground_Gravel_N.uasset" 509
"F:/GitHubProject/ExperementalGame/Experemental/Content/StarterContent/Materials/M_Ground_Gravel.uasset" 510
"F:/GitHubProject/ExperementalGame/Experemental/Content/StarterContent/Textures/T_ground_Moss_D.uasset" 511
"F:/GitHubProject/ExperementalGame/Experemental/Content/StarterContent/Textures/T_Ground_Moss_N.uasset" 512
"F:/GitHubProject/ExperementalGame/Experemental/Content/StarterContent/Materials/M_Ground_Moss.uasset" 513
"F:/GitHubProject/ExperementalGame/Experemental/Content/StarterContent/Materials/M_Metal_Chrome.uasset" 514
"F:/GitHubProject/ExperementalGame/Experemental/Content/StarterContent/Textures/T_Metal_Gold_D.uasset" 515
"F:/GitHubProject/ExperementalGame/Experemental/Content/StarterContent/Materials/M_Metal_Gold.uasset" 516
"F:/GitHubProject/ExperementalGame/Experemental/Content/StarterContent/Textures/T_Metal_Rust_D.uasset" 517
"F:/GitHubProject/ExperementalGame/Experemental/Content/StarterContent/Materials/M_Metal_Rust.uasset" 518
"F:/GitHubProject/ExperementalGame/Experemental/Content/StarterContent/Textures/T_Metal_Steel_D.uasset" 519
"F:/GitHubProject/ExperementalGame/Experemental/Content/StarterContent/Textures/T_Metal_Steel_N.uasset" 520
"F:/GitHubProject/ExperementalGame/Experemental/Content/StarterContent/Materials/M_Metal_Steel.uasset" 521
"F:/GitHubProject/ExperementalGame/Experemental/Content/StarterContent/Textures/T_Rock_Basalt_N.uasset" 522
"F:/GitHubProject/ExperementalGame/Experemental/Content/StarterContent/Materials/M_Rock_Basalt.uasset" 523
"F:/GitHubProject/ExperementalGame/Experemental/Content/StarterContent/Materials/M_Rock_Marble_Polished.uasset" 524
"F:/GitHubProject/ExperementalGame/Experemental/Content/StarterContent/Textures/T_Rock_Sandstone_D.uasset" 525
"F:/GitHubProject/ExperementalGame/Experemental/Content/StarterContent/Textures/T_Rock_Sandstone_N.uasset" 526
"F:/GitHubProject/ExperementalGame/Experemental/Content/StarterContent/Materials/M_Rock_Sandstone.uasset" 527
"F:/GitHubProject/ExperementalGame/Experemental/Content/StarterContent/Textures/T_Rock_Slate_D.uasset" 528
"F:/GitHubProject/ExperementalGame/Experemental/Content/StarterContent/Textures/T_Rock_Slate_N.uasset" 529
"F:/GitHubProject/ExperementalGame/Experemental/Content/StarterContent/Materials/M_Rock_Slate.uasset" 530
"F:/GitHubProject/ExperementalGame/Experemental/Content/StarterContent/Textures/T_Checker_Noise_M.uasset" 531
"F:/GitHubProject/ExperementalGame/Experemental/Content/StarterContent/Textures/T_Single_Tile_N.uasset" 532
"F:/GitHubProject/ExperementalGame/Experemental/Content/StarterContent/Textures/T_Tech_Dot_M.uasset" 533
"F:/GitHubProject/ExperementalGame/Experemental/Content/StarterContent/Textures/T_Tech_Dot_N.uasset" 534
"F:/GitHubProject/ExperementalGame/Experemental/Content/StarterContent/Materials/M_Tech_Checker_Dot.uasset" 535
"F:/GitHubProject/ExperementalGame/Experemental/Content/StarterContent/Textures/T_Tech_Hex_Tile_M.uasset" 536
"F:/GitHubProject/ExperementalGame/Experemental/Content/StarterContent/Textures/T_Tech_Hex_Tile_N.uasset" 537
"F:/GitHubProject/ExperementalGame/Experemental/Content/StarterContent/Materials/M_Tech_Hex_Tile.uasset" 538
"F:/GitHubProject/ExperementalGame/Experemental/Content/StarterContent/Materials/M_Tech_Hex_Tile_Pulse.uasset" 539
"F:/GitHubProject/ExperementalGame/Experemental/Content/StarterContent/Textures/T_Tech_Panel_M.uasset" 540
"F:/GitHubProject/ExperementalGame/Experemental/Content/StarterContent/Textures/T_Tech_Panel_N.uasset" 541
"F:/GitHubProject/ExperementalGame/Experemental/Content/StarterContent/Materials/M_Tech_Panel.uasset" 542
"F:/GitHubProject/ExperementalGame/Experemental/Content/StarterContent/Materials/M_Water_Lake.uasset" 543
"F:/GitHubProject/ExperementalGame/Experemental/Content/StarterContent/Textures/T_Water_M.uasset" 544
"F:/GitHubProject/ExperementalGame/Experemental/Content/StarterContent/Materials/M_Water_Ocean.uasset" 545
"F:/GitHubProject/ExperementalGame/Experemental/Content/StarterContent/Textures/T_Wood_Floor_Walnut_D.uasset" 546
"F:/GitHubProject/ExperementalGame/Experemental/Content/StarterContent/Textures/T_Wood_Floor_Walnut_M.uasset" 547
"F:/GitHubProject/ExperementalGame/Experemental/Content/StarterContent/Textures/T_Wood_Floor_Walnut_N.uasset" 548
"F:/GitHubProject/ExperementalGame/Experemental/Content/StarterContent/Materials/M_Wood_Floor_Walnut_Polished.uasset" 549
"../../../Engine/Content/Functions/Engine_MaterialFunctions01/Opacity/AlphaOffset.uasset" 550
"F:/GitHubProject/ExperementalGame/Experemental/Content/StarterContent/Materials/M_Wood_Floor_Walnut_Worn.uasset" 551
"F:/GitHubProject/ExperementalGame/Experemental/Content/StarterContent/Textures/T_Wood_Oak_D.uasset" 552
"F:/GitHubProject/ExperementalGame/Experemental/Content/StarterContent/Textures/T_Wood_Oak_N.uasset" 553
"F:/GitHubProject/ExperementalGame/Experemental/Content/StarterContent/Materials/M_Wood_Oak.uasset" 554
"F:/GitHubProject/ExperementalGame/Experemental/Content/StarterContent/Textures/T_Wood_Pine_D.uasset" 555
"F:/GitHubProject/ExperementalGame/Experemental/Content/StarterContent/Textures/T_Wood_Pine_N.uasset" 556
"F:/GitHubProject/ExperementalGame/Experemental/Content/StarterContent/Materials/M_Wood_Pine.uasset" 557
"F:/GitHubProject/ExperementalGame/Experemental/Content/StarterContent/Textures/T_Wood_Walnut_D.uasset" 558
"F:/GitHubProject/ExperementalGame/Experemental/Content/StarterContent/Textures/T_Wood_Walnut_N.uasset" 559
"F:/GitHubProject/ExperementalGame/Experemental/Content/StarterContent/Materials/M_Wood_Walnut.uasset" 560
"F:/GitHubProject/ExperementalGame/Experemental/Content/StarterContent/Architecture/Wall_400x200.uasset" 561
"F:/GitHubProject/ExperementalGame/Experemental/Content/StarterContent/Architecture/Wall_Door_400x300.uasset" 562
"F:/GitHubProject/ExperementalGame/Experemental/Content/StarterContent/Architecture/Wall_Window_400x300.uasset" 563
"F:/GitHubProject/ExperementalGame/Experemental/Content/StarterContent/Audio/Collapse_Cue.uasset" 564
"F:/GitHubProject/ExperementalGame/Experemental/Content/StarterContent/Audio/Starter_Music_Cue.uasset" 565
"F:/GitHubProject/ExperementalGame/Experemental/Content/StarterContent/Textures/T_Dust_Particle_D.uasset" 566
"F:/GitHubProject/ExperementalGame/Experemental/Content/StarterContent/Particles/Materials/M_Dust_Particle.uasset" 567
"F:/GitHubProject/ExperementalGame/Experemental/Content/StarterContent/Particles/P_Ambient_Dust.uasset" 568
"F:/GitHubProject/ExperementalGame/Experemental/Content/StarterContent/Props/MaterialSphere.uasset" 569
"F:/GitHubProject/ExperementalGame/Experemental/Content/StarterContent/Textures/T_Frame_M.uasset" 570
"F:/GitHubProject/ExperementalGame/Experemental/Content/StarterContent/Textures/T_Frame_N.uasset" 571
"F:/GitHubProject/ExperementalGame/Experemental/Content/StarterContent/Props/Materials/M_Frame.uasset" 572
"F:/GitHubProject/ExperementalGame/Experemental/Content/StarterContent/Props/SM_CornerFrame.uasset" 573
"F:/GitHubProject/ExperementalGame/Experemental/Content/StarterContent/Props/SM_DoorFrame.uasset" 574
"F:/GitHubProject/ExperementalGame/Experemental/Content/StarterContent/Props/SM_GlassWindow.uasset" 575
"F:/GitHubProject/ExperementalGame/Experemental/Content/StarterContent/Props/SM_PillarFrame.uasset" 576
"F:/GitHubProject/ExperementalGame/Experemental/Content/StarterContent/Props/SM_PillarFrame300.uasset" 577
"F:/GitHubProject/ExperementalGame/Experemental/Content/StarterContent/Props/SM_WindowFrame.uasset" 578
"F:/GitHubProject/ExperementalGame/Experemental/Content/StarterContent/Shapes/Shape_Cube.uasset" 579
"F:/GitHubProject/ExperementalGame/Experemental/Content/StarterContent/Shapes/Shape_QuadPyramid.uasset" 580
"F:/GitHubProject/ExperementalGame/Experemental/Content/StarterContent/Shapes/Shape_Sphere.uasset" 581
"F:/GitHubProject/ExperementalGame/Experemental/Content/StarterContent/Maps/StarterMap.umap" 582
